# JRE version: OpenJDK Runtime Environment (11.0.5+10) (build 11.0.5+10-b520.30)
# Java VM: OpenJDK 64-Bit Server VM (11.0.5+10-b520.30, mixed mode, sharing, tiered, compressed oops, g1 gc, windows-amd64)
Heap:
 garbage-first heap   total 262144K, used 34518K [0x00000000e0000000, 0x0000000100000000)
  region size 1024K, 22 young (22528K), 3 survivors (3072K)
 Metaspace       used 14279K, capacity 14824K, committed 15104K, reserved 268288K
  class space    used 2073K, capacity 2258K, committed 2304K, reserved 253952K
GC Heap History (8 events):
Event: 0.714 GC heap before
{Heap before GC invocations=0 (full 0):
 garbage-first heap   total 262144K, used 19456K [0x00000000e0000000, 0x0000000100000000)
  region size 1024K, 14 young (14336K), 0 survivors (0K)
 Metaspace       used 2055K, capacity 5443K, committed 5760K, reserved 262144K
  class space    used 238K, capacity 578K, committed 640K, reserved 253952K
}
Event: 0.721 GC heap after
{Heap after GC invocations=1 (full 0):
 garbage-first heap   total 262144K, used 7969K [0x00000000e0000000, 0x0000000100000000)
  region size 1024K, 2 young (2048K), 2 survivors (2048K)
 Metaspace       used 2055K, capacity 5443K, committed 5760K, reserved 262144K
  class space    used 238K, capacity 578K, committed 640K, reserved 253952K
}
Event: 1.336 GC heap before
{Heap before GC invocations=1 (full 0):
 garbage-first heap   total 262144K, used 20257K [0x00000000e0000000, 0x0000000100000000)
  region size 1024K, 14 young (14336K), 2 survivors (2048K)
 Metaspace       used 3988K, capacity 6655K, committed 6784K, reserved 262144K
  class space    used 512K, capacity 770K, committed 896K, reserved 253952K
}
Event: 1.341 GC heap after
{Heap after GC invocations=2 (full 0):
 garbage-first heap   total 262144K, used 8980K [0x00000000e0000000, 0x0000000100000000)
  region size 1024K, 1 young (1024K), 1 survivors (1024K)
 Metaspace       used 3988K, capacity 6655K, committed 6784K, reserved 262144K
  class space    used 512K, capacity 770K, committed 896K, reserved 253952K
}
Event: 2.014 GC heap before
{Heap before GC invocations=2 (full 0):
 garbage-first heap   total 262144K, used 37652K [0x00000000e0000000, 0x0000000100000000)
  region size 1024K, 30 young (30720K), 1 survivors (1024K)
 Metaspace       used 4265K, capacity 6775K, committed 7040K, reserved 262144K
  class space    used 541K, capacity 810K, committed 896K, reserved 253952K
}
Event: 2.020 GC heap after
{Heap after GC invocations=3 (full 0):
 garbage-first heap   total 262144K, used 13035K [0x00000000e0000000, 0x0000000100000000)
  region size 1024K, 4 young (4096K), 4 survivors (4096K)
 Metaspace       used 4265K, capacity 6775K, committed 7040K, reserved 262144K
  class space    used 541K, capacity 810K, committed 896K, reserved 253952K
}
Event: 4.084 GC heap before
{Heap before GC invocations=3 (full 0):
 garbage-first heap   total 262144K, used 56043K [0x00000000e0000000, 0x0000000100000000)
  region size 1024K, 46 young (47104K), 4 survivors (4096K)
 Metaspace       used 11933K, capacity 12371K, committed 12672K, reserved 266240K
  class space    used 1707K, capacity 1840K, committed 1920K, reserved 253952K
}
Event: 4.094 GC heap after
{Heap after GC invocations=4 (full 0):
 garbage-first heap   total 262144K, used 16086K [0x00000000e0000000, 0x0000000100000000)
  region size 1024K, 3 young (3072K), 3 survivors (3072K)
 Metaspace       used 11933K, capacity 12371K, committed 12672K, reserved 266240K
  class space    used 1707K, capacity 1840K, committed 1920K, reserved 253952K
}

